BarcodesFromIntent/app/build/intermediates/manifest_merge_blame_file/debug/manifest-merger-blame-debug-report.txt
1<?xml version="1.0" encoding="utf-8"?>
2<manifest xmlns:android="http://schemas.android.com/apk/res/android"
3    package="com.vuzix.sample.barcodefromintent"
4    android:versionCode="1"
5    android:versionName="1.0" >
6
7    <uses-sdk
8        android:minSdkVersion="30"
8-->src\main\AndroidManifest.xml
9        android:targetSdkVersion="30" />
9-->src\main\AndroidManifest.xml
10
11    <application
11-->src\main\AndroidManifest.xml:5:5-17:19
12        android:allowBackup="true"
12-->src\main\AndroidManifest.xml:6:9-35
13        android:appComponentFactory="android.support.v4.app.CoreComponentFactory"
13-->[com.android.support:support-compat:28.0.0] AndroidManifest.xml:22:18-91
14        android:debuggable="true"
15        android:extractNativeLibs="false"
16        android:label="@string/app_name"
16-->src\main\AndroidManifest.xml:7:9-41
17        android:supportsRtl="true"
17-->src\main\AndroidManifest.xml:8:9-35
18        android:theme="@style/AppTheme" >
18-->src\main\AndroidManifest.xml:9:9-40
19        <activity android:name="com.vuzix.sample.barcodefromintent.MainActivity" >
19-->src\main\AndroidManifest.xml:10:9-16:20
19-->src\main\AndroidManifest.xml:10:19-47
20            <intent-filter>
20-->src\main\AndroidManifest.xml:11:13-15:29
21                <action android:name="android.intent.action.MAIN" />
21-->src\main\AndroidManifest.xml:12:17-69
21-->src\main\AndroidManifest.xml:12:25-66
22
23                <category android:name="android.intent.category.LAUNCHER" />
23-->src\main\AndroidManifest.xml:14:17-77
23-->src\main\AndroidManifest.xml:14:27-74
24            </intent-filter>
25        </activity>
26    </application>
27
28</manifest>